<?xml version="1.0" encoding="UTF-8"?>
<!-- Generated by org.testng.reporters.JUnitXMLReporter -->
<testsuite hostname="DESKTOP-K1LJIP1" ignored="0" name="Regression suite 1" tests="2" failures="1" timestamp="17 Oct 2019 16:20:17 GMT" time="11.767" errors="0">
  <testcase name="Login" time="0.112" classname="Muthu.Test.GmailFunctionality">
    <failure type="java.lang.NullPointerException">
      <![CDATA[java.lang.NullPointerException
at Muthu.Test.GmailFunctionality.Login(GmailFunctionality.java:48)
... Removed 25 stack frames]]>
    </failure>
  </testcase> <!-- Login -->
  <testcase name="PostLogin" time="0.0" classname="Muthu.Test.GmailFunctionality">
    <skipped/>
  </testcase> <!-- PostLogin -->
</testsuite> <!-- Regression suite 1 -->
